0 info it worked if it ends with ok
<<<<<<< HEAD
1 verbose cli [ '/usr/local/bin/node', '/usr/local/bin/npm', 'start' ]
2 info using npm@3.10.10
3 info using node@v6.9.5
=======
1 verbose cli [ 'C:\\Program Files\\nodejs\\node.exe',
1 verbose cli   'C:\\Program Files\\nodejs\\node_modules\\npm\\bin\\npm-cli.js',
1 verbose cli   'start' ]
2 info using npm@3.10.10
3 info using node@v6.9.4
>>>>>>> 7a1bb0c9f34e826318dd877e82285bd8f9835599
4 verbose run-script [ 'prestart', 'start', 'poststart' ]
5 info lifecycle Mock-Project_Prime@1.0.0~prestart: Mock-Project_Prime@1.0.0
6 silly lifecycle Mock-Project_Prime@1.0.0~prestart: no script for prestart, continuing
7 info lifecycle Mock-Project_Prime@1.0.0~start: Mock-Project_Prime@1.0.0
8 verbose lifecycle Mock-Project_Prime@1.0.0~start: unsafe-perm in lifecycle true
<<<<<<< HEAD
9 verbose lifecycle Mock-Project_Prime@1.0.0~start: PATH: /usr/local/lib/node_modules/npm/bin/node-gyp-bin:/Users/Utkarsh/Documents/Project/github_search/node_modules/.bin:/usr/local/bin:/usr/bin:/bin:/usr/sbin:/sbin
10 verbose lifecycle Mock-Project_Prime@1.0.0~start: CWD: /Users/Utkarsh/Documents/Project/github_search
11 silly lifecycle Mock-Project_Prime@1.0.0~start: Args: [ '-c', 'node devServer.js' ]
12 silly lifecycle Mock-Project_Prime@1.0.0~start: Returned: code: 1  signal: null
13 info lifecycle Mock-Project_Prime@1.0.0~start: Failed to exec start script
14 verbose stack Error: Mock-Project_Prime@1.0.0 start: `node devServer.js`
14 verbose stack Exit status 1
14 verbose stack     at EventEmitter.<anonymous> (/usr/local/lib/node_modules/npm/lib/utils/lifecycle.js:255:16)
14 verbose stack     at emitTwo (events.js:106:13)
14 verbose stack     at EventEmitter.emit (events.js:191:7)
14 verbose stack     at ChildProcess.<anonymous> (/usr/local/lib/node_modules/npm/lib/utils/spawn.js:40:14)
=======
9 verbose lifecycle Mock-Project_Prime@1.0.0~start: PATH: C:\Program Files\nodejs\node_modules\npm\bin\node-gyp-bin;C:\Users\smoh34\Desktop\New folder (2)\prime_mockProject\node_modules\.bin;C:\Ruby23-x64\bin;C:\ProgramData\Oracle\Java\javapath;C:\oraclexe\app\oracle\product\10.2.0\server\bin;C:\windows\system32;C:\windows;C:\windows\System32\Wbem;C:\windows\System32\WindowsPowerShell\v1.0\;C:\Program Files (x86)\Microsoft SQL Server\100\Tools\Binn\;C:\Program Files\Microsoft SQL Server\100\Tools\Binn\;C:\Program Files\Microsoft SQL Server\100\DTS\Binn\;C:\Program Files\nodejs\;C:\Program Files\TortoiseSVN\bin;C:\Program Files (x86)\nodejs\;C:\Users\smoh34\AppData\Roaming\npm;C:\Program Files\Git\cmd
10 verbose lifecycle Mock-Project_Prime@1.0.0~start: CWD: C:\Users\smoh34\Desktop\New folder (2)\prime_mockProject
11 silly lifecycle Mock-Project_Prime@1.0.0~start: Args: [ '/d /s /c', 'node devServer.js' ]
12 silly lifecycle Mock-Project_Prime@1.0.0~start: Returned: code: 3221225786  signal: null
13 info lifecycle Mock-Project_Prime@1.0.0~start: Failed to exec start script
14 verbose stack Error: Mock-Project_Prime@1.0.0 start: `node devServer.js`
14 verbose stack Exit status 3221225786
14 verbose stack     at EventEmitter.<anonymous> (C:\Program Files\nodejs\node_modules\npm\lib\utils\lifecycle.js:255:16)
14 verbose stack     at emitTwo (events.js:106:13)
14 verbose stack     at EventEmitter.emit (events.js:191:7)
14 verbose stack     at ChildProcess.<anonymous> (C:\Program Files\nodejs\node_modules\npm\lib\utils\spawn.js:40:14)
>>>>>>> 7a1bb0c9f34e826318dd877e82285bd8f9835599
14 verbose stack     at emitTwo (events.js:106:13)
14 verbose stack     at ChildProcess.emit (events.js:191:7)
14 verbose stack     at maybeClose (internal/child_process.js:877:16)
14 verbose stack     at Process.ChildProcess._handle.onexit (internal/child_process.js:226:5)
15 verbose pkgid Mock-Project_Prime@1.0.0
<<<<<<< HEAD
16 verbose cwd /Users/Utkarsh/Documents/Project/github_search
17 error Darwin 16.4.0
18 error argv "/usr/local/bin/node" "/usr/local/bin/npm" "start"
19 error node v6.9.5
20 error npm  v3.10.10
21 error code ELIFECYCLE
22 error Mock-Project_Prime@1.0.0 start: `node devServer.js`
22 error Exit status 1
=======
16 verbose cwd C:\Users\smoh34\Desktop\New folder (2)\prime_mockProject
17 error Windows_NT 6.1.7601
18 error argv "C:\\Program Files\\nodejs\\node.exe" "C:\\Program Files\\nodejs\\node_modules\\npm\\bin\\npm-cli.js" "start"
19 error node v6.9.4
20 error npm  v3.10.10
21 error code ELIFECYCLE
22 error Mock-Project_Prime@1.0.0 start: `node devServer.js`
22 error Exit status 3221225786
>>>>>>> 7a1bb0c9f34e826318dd877e82285bd8f9835599
23 error Failed at the Mock-Project_Prime@1.0.0 start script 'node devServer.js'.
23 error Make sure you have the latest version of node.js and npm installed.
23 error If you do, this is most likely a problem with the Mock-Project_Prime package,
23 error not with npm itself.
23 error Tell the author that this fails on your system:
23 error     node devServer.js
23 error You can get information on how to open an issue for this project with:
23 error     npm bugs Mock-Project_Prime
23 error Or if that isn't available, you can get their info via:
23 error     npm owner ls Mock-Project_Prime
23 error There is likely additional logging output above.
24 verbose exit [ 1, true ]
